This file contains any messages produced by compilers while
running configure, to aid debugging if configure makes a mistake.

It was created by BZFlag configure 2.4.25, which was
generated by GNU Autoconf 2.69.  Invocation command line was

  $ ./configure --enable-custom-plugins=observerHandler

## --------- ##
## Platform. ##
## --------- ##

hostname = quinn-desktop
uname -m = x86_64
uname -r = 5.4.0-135-generic
uname -s = Linux
uname -v = #152-Ubuntu SMP Wed Nov 23 20:19:22 UTC 2022

/usr/bin/uname -p = unknown
/bin/uname -X     = unknown

/bin/arch              = unknown
/usr/bin/arch -k       = unknown
/usr/convex/getsysinfo = unknown
/usr/bin/hostinfo      = unknown
/bin/machine           = unknown
/usr/bin/oslevel       = unknown
/bin/universe          = unknown

PATH: /home/quinn/bin
PATH: /usr/local/sbin
PATH: /usr/local/bin
PATH: /usr/sbin
PATH: /usr/bin
PATH: /sbin
PATH: /bin
PATH: /usr/games
PATH: /usr/local/games
PATH: /snap/bin
PATH: /home/quinn/.dotnet/tools
PATH: /pkg/karmahost/bin
PATH: /pkg/karmahost/sbin
PATH: /home/quinn/.local/bin


## ----------- ##
## Core tests. ##
## ----------- ##

configure:3089: result: ***********************************************
configure:3091: result: *** Configuring BZFlag 2.4.25 on 2022-12-07 ***
configure:3093: result: ***********************************************
configure:3109: checking build system type
configure:3123: result: x86_64-pc-linux-gnu
configure:3143: checking host system type
configure:3156: result: x86_64-pc-linux-gnu
configure:3176: checking target system type
configure:3189: result: x86_64-pc-linux-gnu
configure:3232: checking for a BSD-compatible install
configure:3300: result: /usr/bin/install -c
configure:3311: checking whether build environment is sane
configure:3366: result: yes
configure:3515: checking for a thread-safe mkdir -p
configure:3554: result: /bin/mkdir -p
configure:3561: checking for gawk
configure:3577: found /usr/bin/gawk
configure:3588: result: gawk
configure:3599: checking whether make sets $(MAKE)
configure:3621: result: yes
configure:3650: checking whether make supports nested variables
configure:3667: result: yes
configure:3815: checking whether a configure cache exists
configure:3841: result: found config.cache.linux-gnu.quinn-desktop
configure:3858: *** Automatically caching to config.cache.linux-gnu.quinn-desktop ***
configure:3892: checking ... a r g u m e n t s 
configure:3894: result: (1 of 9)
configure:3963: checking for pkg-config
configure:3993: result: /usr/bin/pkg-config
configure:4018: checking pkg-config is at least version 0.9.0
configure:4021: result: yes
configure:4033: checking whether make supports the include directive
configure:4048: make -f confmf.GNU && cat confinc.out
this is the am__doit target
configure:4051: $? = 0
configure:4070: result: yes (GNU style)
configure:4140: checking for gcc
configure:4167: result: gcc
configure:4396: checking for C compiler version
configure:4405: gcc --version >&5
gcc (Ubuntu 9.4.0-1ubuntu1~20.04.1) 9.4.0
Copyright (C) 2019 Free Software Foundation, Inc.
This is free software; see the source for copying conditions.  There is NO
warranty; not even for MERCHANTABILITY or FITNESS FOR A PARTICULAR PURPOSE.

configure:4416: $? = 0
configure:4405: gcc -v >&5
Using built-in specs.
COLLECT_GCC=gcc
COLLECT_LTO_WRAPPER=/usr/lib/gcc/x86_64-linux-gnu/9/lto-wrapper
OFFLOAD_TARGET_NAMES=nvptx-none:hsa
OFFLOAD_TARGET_DEFAULT=1
Target: x86_64-linux-gnu
Configured with: ../src/configure -v --with-pkgversion='Ubuntu 9.4.0-1ubuntu1~20.04.1' --with-bugurl=file:///usr/share/doc/gcc-9/README.Bugs --enable-languages=c,ada,c++,go,brig,d,fortran,objc,obj-c++,gm2 --prefix=/usr --with-gcc-major-version-only --program-suffix=-9 --program-prefix=x86_64-linux-gnu- --enable-shared --enable-linker-build-id --libexecdir=/usr/lib --without-included-gettext --enable-threads=posix --libdir=/usr/lib --enable-nls --enable-clocale=gnu --enable-libstdcxx-debug --enable-libstdcxx-time=yes --with-default-libstdcxx-abi=new --enable-gnu-unique-object --disable-vtable-verify --enable-plugin --enable-default-pie --with-system-zlib --with-target-system-zlib=auto --enable-objc-gc=auto --enable-multiarch --disable-werror --with-arch-32=i686 --with-abi=m64 --with-multilib-list=m32,m64,mx32 --enable-multilib --with-tune=generic --enable-offload-targets=nvptx-none=/build/gcc-9-Av3uEd/gcc-9-9.4.0/debian/tmp-nvptx/usr,hsa --without-cuda-driver --enable-checking=release --build=x86_64-linux-gnu --host=x86_64-linux-gnu --target=x86_64-linux-gnu
Thread model: posix
gcc version 9.4.0 (Ubuntu 9.4.0-1ubuntu1~20.04.1) 
configure:4416: $? = 0
configure:4405: gcc -V >&5
gcc: error: unrecognized command line option '-V'
gcc: fatal error: no input files
compilation terminated.
configure:4416: $? = 1
configure:4405: gcc -qversion >&5
gcc: error: unrecognized command line option '-qversion'; did you mean '--version'?
gcc: fatal error: no input files
compilation terminated.
configure:4416: $? = 1
configure:4436: checking whether the C compiler works
configure:4458: gcc    conftest.c  >&5
configure:4462: $? = 0
configure:4510: result: yes
configure:4513: checking for C compiler default output file name
configure:4515: result: a.out
configure:4521: checking for suffix of executables
configure:4528: gcc -o conftest    conftest.c  >&5
configure:4532: $? = 0
configure:4554: result: 
configure:4576: checking whether we are cross compiling
configure:4584: gcc -o conftest    conftest.c  >&5
configure:4588: $? = 0
configure:4595: ./conftest
configure:4599: $? = 0
configure:4587: result: no
configure:4592: checking for suffix of object files
configure:4639: result: o
configure:4643: checking whether we are using the GNU C compiler
configure:4671: result: yes
configure:4680: checking whether gcc accepts -g
configure:4741: result: yes
configure:4758: checking for gcc option to accept ISO C89
configure:4834: result: none needed
configure:4859: checking whether gcc understands -c and -o together
configure:4896: result: yes
configure:4915: checking dependency style of gcc
configure:5026: result: gcc3
configure:5049: checking for ncurses
configure:5056: $PKG_CONFIG --exists --print-errors "ncurses"
Package ncurses was not found in the pkg-config search path.
Perhaps you should add the directory containing `ncurses.pc'
to the PKG_CONFIG_PATH environment variable
No package 'ncurses' found
configure:5059: $? = 1
configure:5073: $PKG_CONFIG --exists --print-errors "ncurses"
Package ncurses was not found in the pkg-config search path.
Perhaps you should add the directory containing `ncurses.pc'
to the PKG_CONFIG_PATH environment variable
No package 'ncurses' found
configure:5076: $? = 1
configure:5090: result: no
No package 'ncurses' found
configure:5107: checking for working ncurses
configure:5135: result: no
configure:5357: checking ... p r o g r a m s 
configure:5359: result: (2 of 9)
configure:5438: checking for g++
configure:5465: result: g++
configure:5492: checking for C++ compiler version
configure:5501: g++ --version >&5
g++ (Ubuntu 9.4.0-1ubuntu1~20.04.1) 9.4.0
Copyright (C) 2019 Free Software Foundation, Inc.
This is free software; see the source for copying conditions.  There is NO
warranty; not even for MERCHANTABILITY or FITNESS FOR A PARTICULAR PURPOSE.

configure:5512: $? = 0
configure:5501: g++ -v >&5
Using built-in specs.
COLLECT_GCC=g++
COLLECT_LTO_WRAPPER=/usr/lib/gcc/x86_64-linux-gnu/9/lto-wrapper
OFFLOAD_TARGET_NAMES=nvptx-none:hsa
OFFLOAD_TARGET_DEFAULT=1
Target: x86_64-linux-gnu
Configured with: ../src/configure -v --with-pkgversion='Ubuntu 9.4.0-1ubuntu1~20.04.1' --with-bugurl=file:///usr/share/doc/gcc-9/README.Bugs --enable-languages=c,ada,c++,go,brig,d,fortran,objc,obj-c++,gm2 --prefix=/usr --with-gcc-major-version-only --program-suffix=-9 --program-prefix=x86_64-linux-gnu- --enable-shared --enable-linker-build-id --libexecdir=/usr/lib --without-included-gettext --enable-threads=posix --libdir=/usr/lib --enable-nls --enable-clocale=gnu --enable-libstdcxx-debug --enable-libstdcxx-time=yes --with-default-libstdcxx-abi=new --enable-gnu-unique-object --disable-vtable-verify --enable-plugin --enable-default-pie --with-system-zlib --with-target-system-zlib=auto --enable-objc-gc=auto --enable-multiarch --disable-werror --with-arch-32=i686 --with-abi=m64 --with-multilib-list=m32,m64,mx32 --enable-multilib --with-tune=generic --enable-offload-targets=nvptx-none=/build/gcc-9-Av3uEd/gcc-9-9.4.0/debian/tmp-nvptx/usr,hsa --without-cuda-driver --enable-checking=release --build=x86_64-linux-gnu --host=x86_64-linux-gnu --target=x86_64-linux-gnu
Thread model: posix
gcc version 9.4.0 (Ubuntu 9.4.0-1ubuntu1~20.04.1) 
configure:5512: $? = 0
configure:5501: g++ -V >&5
g++: error: unrecognized command line option '-V'
g++: fatal error: no input files
compilation terminated.
configure:5512: $? = 1
configure:5501: g++ -qversion >&5
g++: error: unrecognized command line option '-qversion'; did you mean '--version'?
g++: fatal error: no input files
compilation terminated.
configure:5512: $? = 1
configure:5516: checking whether we are using the GNU C++ compiler
configure:5544: result: yes
configure:5553: checking whether g++ accepts -g
configure:5614: result: yes
configure:5639: checking dependency style of g++
configure:5750: result: gcc3
configure:5781: checking whether g++ supports C++11 features with -std=gnu++11
configure:6088: result: yes
configure:6499: checking for gcc
configure:6526: result: gcc
configure:6755: checking for C compiler version
configure:6764: gcc --version >&5
gcc (Ubuntu 9.4.0-1ubuntu1~20.04.1) 9.4.0
Copyright (C) 2019 Free Software Foundation, Inc.
This is free software; see the source for copying conditions.  There is NO
warranty; not even for MERCHANTABILITY or FITNESS FOR A PARTICULAR PURPOSE.

configure:6775: $? = 0
configure:6764: gcc -v >&5
Using built-in specs.
COLLECT_GCC=gcc
COLLECT_LTO_WRAPPER=/usr/lib/gcc/x86_64-linux-gnu/9/lto-wrapper
OFFLOAD_TARGET_NAMES=nvptx-none:hsa
OFFLOAD_TARGET_DEFAULT=1
Target: x86_64-linux-gnu
Configured with: ../src/configure -v --with-pkgversion='Ubuntu 9.4.0-1ubuntu1~20.04.1' --with-bugurl=file:///usr/share/doc/gcc-9/README.Bugs --enable-languages=c,ada,c++,go,brig,d,fortran,objc,obj-c++,gm2 --prefix=/usr --with-gcc-major-version-only --program-suffix=-9 --program-prefix=x86_64-linux-gnu- --enable-shared --enable-linker-build-id --libexecdir=/usr/lib --without-included-gettext --enable-threads=posix --libdir=/usr/lib --enable-nls --enable-clocale=gnu --enable-libstdcxx-debug --enable-libstdcxx-time=yes --with-default-libstdcxx-abi=new --enable-gnu-unique-object --disable-vtable-verify --enable-plugin --enable-default-pie --with-system-zlib --with-target-system-zlib=auto --enable-objc-gc=auto --enable-multiarch --disable-werror --with-arch-32=i686 --with-abi=m64 --with-multilib-list=m32,m64,mx32 --enable-multilib --with-tune=generic --enable-offload-targets=nvptx-none=/build/gcc-9-Av3uEd/gcc-9-9.4.0/debian/tmp-nvptx/usr,hsa --without-cuda-driver --enable-checking=release --build=x86_64-linux-gnu --host=x86_64-linux-gnu --target=x86_64-linux-gnu
Thread model: posix
gcc version 9.4.0 (Ubuntu 9.4.0-1ubuntu1~20.04.1) 
configure:6775: $? = 0
configure:6764: gcc -V >&5
gcc: error: unrecognized command line option '-V'
gcc: fatal error: no input files
compilation terminated.
configure:6775: $? = 1
configure:6764: gcc -qversion >&5
gcc: error: unrecognized command line option '-qversion'; did you mean '--version'?
gcc: fatal error: no input files
compilation terminated.
configure:6775: $? = 1
configure:6779: checking whether we are using the GNU C compiler
configure:6807: result: yes
configure:6816: checking whether gcc accepts -g
configure:6877: result: yes
configure:6894: checking for gcc option to accept ISO C89
configure:6970: result: none needed
configure:6995: checking whether gcc understands -c and -o together
configure:7032: result: yes
configure:7051: checking dependency style of gcc
configure:7162: result: gcc3
configure:7177: checking whether ln -s works
configure:7181: result: yes
configure:7190: checking for ar
configure:7217: result: ar
configure:7623: checking for ccache
configure:7656: result: no
configure:7709: checking for windres
configure:7739: result: no
configure:7813: checking how to print strings
configure:7840: result: printf
configure:7861: checking for a sed that does not truncate output
configure:7925: result: /bin/sed
configure:7943: checking for grep that handles long lines and -e
configure:8001: result: /bin/grep
configure:8006: checking for egrep
configure:8068: result: /bin/grep -E
configure:8073: checking for fgrep
configure:8135: result: /bin/grep -F
configure:8170: checking for ld used by gcc
configure:8237: result: /usr/bin/ld
configure:8244: checking if the linker (/usr/bin/ld) is GNU ld
configure:8259: result: yes
configure:8271: checking for BSD- or MS-compatible name lister (nm)
configure:8325: result: /usr/bin/nm -B
configure:8455: checking the name lister (/usr/bin/nm -B) interface
configure:8475: result: BSD nm
configure:8479: checking the maximum length of command line arguments
configure:8610: result: 1572864
configure:8658: checking how to convert x86_64-pc-linux-gnu file names to x86_64-pc-linux-gnu format
configure:8698: result: func_convert_file_noop
configure:8705: checking how to convert x86_64-pc-linux-gnu file names to toolchain format
configure:8725: result: func_convert_file_noop
configure:8732: checking for /usr/bin/ld option to reload object files
configure:8739: result: -r
configure:8813: checking for objdump
configure:8840: result: objdump
configure:8872: checking how to recognize dependent libraries
configure:9072: result: pass_all
configure:9157: checking for dlltool
configure:9187: result: no
configure:9217: checking how to associate runtime and link libraries
configure:9244: result: printf %s\n
configure:9368: checking for archiver @FILE support
configure:9411: result: @
configure:9469: checking for strip
configure:9496: result: strip
configure:9568: checking for ranlib
configure:9595: result: ranlib
configure:9697: checking command to parse /usr/bin/nm -B output from gcc object
configure:9964: result: ok
configure:10011: checking for sysroot
configure:10041: result: no
configure:10048: checking for a working dd
configure:10086: result: /bin/dd
configure:10090: checking how to truncate binary pipes
configure:10105: result: /bin/dd bs=4096 count=1
configure:10241: gcc -c -g -O2  conftest.c >&5
configure:10244: $? = 0
configure:10434: checking for mt
configure:10461: result: mt
configure:10484: checking if mt is a manifest tool
configure:10498: result: no
configure:11175: checking how to run the C preprocessor
configure:11245: result: gcc -E
configure:11265: gcc -E  conftest.c
configure:11265: $? = 0
configure:11279: gcc -E  conftest.c
conftest.c:16:10: fatal error: ac_nonexistent.h: No such file or directory
   16 | #include <ac_nonexistent.h>
      |          ^~~~~~~~~~~~~~~~~~
compilation terminated.
configure:11279: $? = 1
configure: failed program was:
| /* confdefs.h */
| #define PACKAGE_NAME "BZFlag"
| #define PACKAGE_TARNAME "bzflag"
| #define PACKAGE_VERSION "2.4.25"
| #define PACKAGE_STRING "BZFlag 2.4.25"
| #define PACKAGE_BUGREPORT "http://BZFlag.org/"
| #define PACKAGE_URL ""
| #define PACKAGE "bzflag"
| #define VERSION "2.4.25"
| #define BUILD_DATE "2022-12-07"
| #define BZ_BUILD_OS "linux-gnu"
| #define BZ_PLUGINS 1
| #define ROBOT 1
| #define HAVE_CXX11 1
| /* end confdefs.h.  */
| #include <ac_nonexistent.h>
configure:11308: checking for ANSI C header files
configure:11412: result: yes
configure:11425: checking for sys/types.h
configure:11425: result: yes
configure:11425: checking for sys/stat.h
configure:11425: result: yes
configure:11425: checking for stdlib.h
configure:11425: result: yes
configure:11425: checking for string.h
configure:11425: result: yes
configure:11425: checking for memory.h
configure:11425: result: yes
configure:11425: checking for strings.h
configure:11425: result: yes
configure:11425: checking for inttypes.h
configure:11425: result: yes
configure:11425: checking for stdint.h
configure:11425: result: yes
configure:11425: checking for unistd.h
configure:11425: result: yes
configure:11439: checking for dlfcn.h
configure:11439: result: yes
configure:11703: checking for objdir
configure:11718: result: .libs
configure:11982: checking if gcc supports -fno-rtti -fno-exceptions
configure:12017: result: no
configure:12381: checking for gcc option to produce PIC
configure:12388: result: -fPIC -DPIC
configure:12396: checking if gcc PIC flag -fPIC -DPIC works
configure:12431: result: yes
configure:12460: checking if gcc static flag -static works
configure:12488: result: yes
configure:12503: checking if gcc supports -c -o file.o
configure:12550: result: yes
configure:12558: checking if gcc supports -c -o file.o
configure:12605: result: yes
configure:12638: checking whether the gcc linker (/usr/bin/ld -m elf_x86_64) supports shared libraries
configure:13901: result: yes
configure:13938: checking whether -lc should be explicitly linked in
configure:13981: result: no
configure:14141: checking dynamic linker characteristics
configure:14971: result: GNU/Linux ld.so
configure:15093: checking how to hardcode library paths into programs
configure:15118: result: immediate
configure:15220: checking for shl_load
configure:15220: result: no
configure:15224: checking for shl_load in -ldld
configure:15258: result: no
configure:15263: checking for dlopen
configure:15263: result: no
configure:15267: checking for dlopen in -ldl
configure:15301: result: yes
configure:15420: checking whether a program can dlopen itself
configure:15521: result: yes
configure:15526: checking whether a statically linked program can dlopen itself
configure:15627: result: no
configure:15666: checking whether stripping libraries is possible
configure:15671: result: yes
configure:15706: checking if libtool supports shared libraries
configure:15708: result: yes
configure:15711: checking whether to build shared libraries
configure:15736: result: yes
configure:15739: checking whether to build static libraries
configure:15743: result: yes
configure:15766: checking how to run the C++ preprocessor
configure:15832: result: g++ -std=gnu++11 -E
configure:15852: g++ -std=gnu++11 -E  conftest.cpp
configure:15852: $? = 0
configure:15866: g++ -std=gnu++11 -E  conftest.cpp
conftest.cpp:28:10: fatal error: ac_nonexistent.h: No such file or directory
   28 | #include <ac_nonexistent.h>
      |          ^~~~~~~~~~~~~~~~~~
compilation terminated.
configure:15866: $? = 1
configure: failed program was:
| /* confdefs.h */
| #define PACKAGE_NAME "BZFlag"
| #define PACKAGE_TARNAME "bzflag"
| #define PACKAGE_VERSION "2.4.25"
| #define PACKAGE_STRING "BZFlag 2.4.25"
| #define PACKAGE_BUGREPORT "http://BZFlag.org/"
| #define PACKAGE_URL ""
| #define PACKAGE "bzflag"
| #define VERSION "2.4.25"
| #define BUILD_DATE "2022-12-07"
| #define BZ_BUILD_OS "linux-gnu"
| #define BZ_PLUGINS 1
| #define ROBOT 1
| #define HAVE_CXX11 1
| #define STDC_HEADERS 1
| #define HAVE_SYS_TYPES_H 1
| #define HAVE_SYS_STAT_H 1
| #define HAVE_STDLIB_H 1
| #define HAVE_STRING_H 1
| #define HAVE_MEMORY_H 1
| #define HAVE_STRINGS_H 1
| #define HAVE_INTTYPES_H 1
| #define HAVE_STDINT_H 1
| #define HAVE_UNISTD_H 1
| #define HAVE_DLFCN_H 1
| #define LT_OBJDIR ".libs/"
| /* end confdefs.h.  */
| #include <ac_nonexistent.h>
configure:16028: checking for ld used by g++ -std=gnu++11
configure:16095: result: /usr/bin/ld -m elf_x86_64
configure:16102: checking if the linker (/usr/bin/ld -m elf_x86_64) is GNU ld
configure:16117: result: yes
configure:16172: checking whether the g++ -std=gnu++11 linker (/usr/bin/ld -m elf_x86_64) supports shared libraries
configure:17245: result: yes
configure:17281: g++ -std=gnu++11 -c -g -O2  conftest.cpp >&5
configure:17284: $? = 0
configure:17765: checking for g++ -std=gnu++11 option to produce PIC
configure:17772: result: -fPIC -DPIC
configure:17780: checking if g++ -std=gnu++11 PIC flag -fPIC -DPIC works
configure:17815: result: yes
configure:17838: checking if g++ -std=gnu++11 static flag -static works
configure:17866: result: yes
configure:17878: checking if g++ -std=gnu++11 supports -c -o file.o
configure:17925: result: yes
configure:17930: checking if g++ -std=gnu++11 supports -c -o file.o
configure:17977: result: yes
configure:18007: checking whether the g++ -std=gnu++11 linker (/usr/bin/ld -m elf_x86_64) supports shared libraries
configure:18050: result: yes
configure:18191: checking dynamic linker characteristics
configure:18948: result: GNU/Linux ld.so
configure:19013: checking how to hardcode library paths into programs
configure:19038: result: immediate
configure:19110: checking for pod2man
configure:19138: result: yes
configure:19177: checking ... l i b r a r i e s 
configure:19179: result: (3 of 9)
configure:19200: checking for dlopen in -ldl
configure:19234: result: yes
configure:19244: checking for compressBound in -lz
configure:19278: result: yes
configure:19289: checking for ares_init in -lcares
configure:19323: result: yes
configure:19334: checking for c-ares DNS lookup functionality
configure:19360: g++ -std=gnu++11 -o conftest -g -O2   conftest.cpp  -lcares >&5
configure:19360: $? = 0
configure:19361: result: yes
configure:19373: checking for ares_library_init in -lcares
configure:19407: result: yes
configure:19458: checking for gawk
configure:19485: result: gawk
configure:19547: checking for curl-config
configure:19577: result: /usr/bin/curl-config
configure:19588: checking for the version of libcurl
configure:19595: result: 7.68.0
configure:19656: checking whether libcurl is usable
configure:19703: result: yes
configure:19716: checking for curl_free
configure:19716: result: yes
configure:19802: checking checking for curl library
configure:19807: result: yes
configure:19811: checking checking for SSL support in curl
configure:19814: result: yes
configure:19821: checking for regcomp in -lc
configure:19855: result: yes
configure:19950: checking for regex.h
configure:19950: result: yes
configure:19962: checking for regular expression functionality
configure:19993: g++ -std=gnu++11 -o conftest -g -O2   -lc conftest.cpp  >&5
configure:19993: $? = 0
configure:19993: ./conftest
configure:19993: $? = 0
configure:19994: result: yes
configure:20007: checking for shm_open in -lrt
configure:20041: result: yes
configure:20052: checking for sqrtf in -lm
configure:20086: result: yes
configure:20099: checking for socket in -lsocket
configure:20133: result: no
configure:20144: checking for gethostent in -lsocket
configure:20178: result: no
configure:20188: checking for gethostent in -lbind
configure:20222: result: no
configure:20237: checking for pthread_create in -lc_r
configure:20271: result: no
configure:20276: checking for pthread_create in -lpthread
configure:20310: result: yes
configure:20324: checking for acosf in -lm
configure:20358: result: yes
configure:20366: checking for asinf in -lm
configure:20400: result: yes
configure:20408: checking for atan2f in -lm
configure:20442: result: yes
configure:20450: checking for atanf in -lm
configure:20484: result: yes
configure:20492: checking for cosf in -lm
configure:20526: result: yes
configure:20534: checking for expf in -lm
configure:20568: result: yes
configure:20576: checking for fabsf in -lm
configure:20610: result: yes
configure:20618: checking for floorf in -lm
configure:20652: result: yes
configure:20660: checking for fmodf in -lm
configure:20694: result: yes
configure:20702: checking for hypotf in -lm
configure:20736: result: yes
configure:20744: checking for logf in -lm
configure:20778: result: yes
configure:20786: checking for log10f in -lm
configure:20820: result: yes
configure:20828: checking for powf in -lm
configure:20862: result: yes
configure:20870: checking for sinf in -lm
configure:20904: result: yes
configure:20912: checking for sqrtf in -lm
configure:20946: result: yes
configure:20954: checking for tanf in -lm
configure:20988: result: yes
configure:20997: checking for numeric type sizes
configure:21003: checking size of int
configure:21022: result: 4
configure:21036: checking size of short int
configure:21055: result: 2
configure:21069: checking size of long int
configure:21088: result: 8
configure:21102: checking size of long long int
configure:21121: result: 8
configure:21135: checking size of float
configure:21154: result: 4
configure:21168: checking size of double
configure:21187: result: 8
configure:21201: checking size of long double
configure:21220: result: 16
configure:21284: checking ... h e a d e r s 
configure:21286: result: (4 of 9)
configure:21300: checking for ANSI C header files
configure:21404: result: yes
configure:21426: checking for cmath
configure:21426: result: yes
configure:21426: checking for cstdlib
configure:21426: result: yes
configure:21426: checking for cstdio
configure:21426: result: yes
configure:21426: checking for cstring
configure:21426: result: yes
configure:21463: checking for SDL/SDL.h
configure:21463: result: no
configure:21463: checking for SDL2/SDL.h
configure:21463: result: no
configure:21463: checking for bstring.h
configure:21463: result: no
configure:21463: checking for dlfcn.h
configure:21463: result: yes
configure:21463: checking for dsound.h
configure:21463: result: no
configure:21463: checking for fcntl.h
configure:21463: result: yes
configure:21463: checking for inttypes.h
configure:21463: result: yes
configure:21463: checking for limits.h
configure:21463: result: yes
configure:21463: checking for linux/input.h
configure:21463: result: yes
configure:21463: checking for process.h
configure:21463: result: no
configure:21463: checking for sched.h
configure:21463: result: yes
configure:21463: checking for stdint.h
configure:21463: result: yes
configure:21463: checking for sys/param.h
configure:21463: result: yes
configure:21463: checking for sys/socket.h
configure:21463: result: yes
configure:21463: checking for netdb.h
configure:21463: result: yes
configure:21463: checking for unistd.h
configure:21463: result: yes
configure:21463: checking for values.h
configure:21463: result: yes
configure:21509: checking ... t y p e s 
configure:21511: result: (5 of 9)
configure:21527: checking whether byte ordering is bigendian
configure:21733: result: no
configure:21751: checking for an ANSI C-conforming const
configure:21824: result: yes
configure:21833: checking for socklen_t type
configure:21847: gcc -c -g -O2  conftest.c >&5
configure:21847: $? = 0
configure:21853: result: yes
configure:21951: checking for std::shared_ptr<int>
configure:21951: result: yes
configure:22021: checking for XextAddDisplay in -lXext
configure:22055: result: no
configure:22064: checking for X11/extensions/xf86vmode.h
configure:22064: result: no
configure:22209: checking for GL/gl.h
configure:22209: result: no
configure:22274: checking for GL/glu.h
configure:22274: result: no
configure:22339: checking for GL/glew.h
configure:22339: result: no
configure:22419: checking for working pthreads
configure:22436: g++ -std=gnu++11 -o conftest -g -O2   conftest.cpp -lpthread >&5
conftest.cpp: In function 'int main()':
conftest.cpp:125:51: warning: null argument where non-null required (argument 3) [-Wnonnull]
  125 |           pthread_create(&thread, NULL, NULL, NULL);
      |                                                   ^
configure:22436: $? = 0
configure:22454: result: yes
configure:22651: checking for SDL
configure:22658: $PKG_CONFIG --exists --print-errors "sdl2 >= $min_sdl_version"
Package sdl2 was not found in the pkg-config search path.
Perhaps you should add the directory containing `sdl2.pc'
to the PKG_CONFIG_PATH environment variable
No package 'sdl2' found
configure:22661: $? = 1
configure:22675: $PKG_CONFIG --exists --print-errors "sdl2 >= $min_sdl_version"
Package sdl2 was not found in the pkg-config search path.
Perhaps you should add the directory containing `sdl2.pc'
to the PKG_CONFIG_PATH environment variable
No package 'sdl2' found
configure:22678: $? = 1
configure:22692: result: no
No package 'sdl2' found
configure:22746: checking for sdl2-config
configure:22777: result: no
configure:22786: checking for SDL - version >= 2.0.3
configure:22892: result: no
configure:22964: WARNING: Client build is enabled, but SDL2 does not seem to be fully available ... disabling BZFlag client
configure:23316: checking ... c o m p i l e r 
configure:23318: result: (6 of 9)
configure:23482: checking if the compiler understands -Wl,-search_paths_first -mdynamic-no-pic
configure:23498: g++ -std=gnu++11 -o conftest -g -O2   -Wl,-search_paths_first -mdynamic-no-pic conftest.cpp -lm  -lpthread >&5
g++: error: unrecognized command line option '-mdynamic-no-pic'
configure:23498: $? = 1
configure: failed program was:
| /* confdefs.h */
| #define PACKAGE_NAME "BZFlag"
| #define PACKAGE_TARNAME "bzflag"
| #define PACKAGE_VERSION "2.4.25"
| #define PACKAGE_STRING "BZFlag 2.4.25"
| #define PACKAGE_BUGREPORT "http://BZFlag.org/"
| #define PACKAGE_URL ""
| #define PACKAGE "bzflag"
| #define VERSION "2.4.25"
| #define BUILD_DATE "2022-12-07"
| #define BZ_BUILD_OS "linux-gnu"
| #define BZ_PLUGINS 1
| #define ROBOT 1
| #define HAVE_CXX11 1
| #define STDC_HEADERS 1
| #define HAVE_SYS_TYPES_H 1
| #define HAVE_SYS_STAT_H 1
| #define HAVE_STDLIB_H 1
| #define HAVE_STRING_H 1
| #define HAVE_MEMORY_H 1
| #define HAVE_STRINGS_H 1
| #define HAVE_INTTYPES_H 1
| #define HAVE_STDINT_H 1
| #define HAVE_UNISTD_H 1
| #define HAVE_DLFCN_H 1
| #define LT_OBJDIR ".libs/"
| #define HAVE_ARES_LIBRARY_INIT 1
| #define HAVE_LIBCURL 1
| #define LIBCURL_FEATURE_SSL 1
| #define LIBCURL_FEATURE_IPV6 1
| #define LIBCURL_FEATURE_UNIXSOCKETS 1
| #define LIBCURL_FEATURE_LIBZ 1
| #define LIBCURL_FEATURE_BROTLI 1
| #define LIBCURL_FEATURE_ASYNCHDNS 1
| #define LIBCURL_FEATURE_IDN 1
| #define LIBCURL_FEATURE_GSS_API 1
| #define LIBCURL_FEATURE_PSL 1
| #define LIBCURL_FEATURE_SPNEGO 1
| #define LIBCURL_FEATURE_KERBEROS 1
| #define LIBCURL_FEATURE_NTLM 1
| #define LIBCURL_FEATURE_NTLM_WB 1
| #define LIBCURL_FEATURE_TLS_SRP 1
| #define LIBCURL_FEATURE_HTTP2 1
| #define LIBCURL_FEATURE_HTTPS_PROXY 1
| #define LIBCURL_PROTOCOL_DICT 1
| #define LIBCURL_PROTOCOL_FILE 1
| #define LIBCURL_PROTOCOL_FTP 1
| #define LIBCURL_PROTOCOL_FTPS 1
| #define LIBCURL_PROTOCOL_GOPHER 1
| #define LIBCURL_PROTOCOL_HTTP 1
| #define LIBCURL_PROTOCOL_HTTPS 1
| #define LIBCURL_PROTOCOL_IMAP 1
| #define LIBCURL_PROTOCOL_IMAPS 1
| #define LIBCURL_PROTOCOL_LDAP 1
| #define LIBCURL_PROTOCOL_LDAPS 1
| #define LIBCURL_PROTOCOL_POP3 1
| #define LIBCURL_PROTOCOL_POP3S 1
| #define LIBCURL_PROTOCOL_RTMP 1
| #define LIBCURL_PROTOCOL_RTSP 1
| #define LIBCURL_PROTOCOL_SCP 1
| #define LIBCURL_PROTOCOL_SFTP 1
| #define LIBCURL_PROTOCOL_SMB 1
| #define LIBCURL_PROTOCOL_SMBS 1
| #define LIBCURL_PROTOCOL_SMTP 1
| #define LIBCURL_PROTOCOL_SMTPS 1
| #define LIBCURL_PROTOCOL_TELNET 1
| #define LIBCURL_PROTOCOL_TFTP 1
| #define HAVE_REGEX_H 1
| #define HAVE_LIBM 1
| #define HAVE_ACOSF 1
| #define HAVE_ASINF 1
| #define HAVE_ATAN2F 1
| #define HAVE_ATANF 1
| #define HAVE_COSF 1
| #define HAVE_EXPF 1
| #define HAVE_FABSF 1
| #define HAVE_FLOORF 1
| #define HAVE_FMODF 1
| #define HAVE_HYPOTF 1
| #define HAVE_LOGF 1
| #define HAVE_LOG10F 1
| #define HAVE_POWF 1
| #define HAVE_SINF 1
| #define HAVE_SQRTF 1
| #define HAVE_TANF 1
| #define SIZEOF_INT 4
| #define SIZEOF_SHORT_INT 2
| #define SIZEOF_LONG_INT 8
| #define SIZEOF_LONG_LONG_INT 8
| #define SIZEOF_FLOAT 4
| #define SIZEOF_DOUBLE 8
| #define SIZEOF_LONG_DOUBLE 16
| #define SIZEOF_INT 4
| #define SIZEOF_SHORT_INT 2
| #define SIZEOF_LONG_INT 8
| #define SIZEOF_LONG_LONG_INT 8
| #define SIZEOF_FLOAT 4
| #define SIZEOF_DOUBLE 8
| #define SIZEOF_LONG_DOUBLE 16
| #define STDC_HEADERS 1
| #define HAVE_CMATH 1
| #define HAVE_CSTDLIB 1
| #define HAVE_CSTDIO 1
| #define HAVE_CSTRING 1
| #define HAVE_DLFCN_H 1
| #define HAVE_FCNTL_H 1
| #define HAVE_INTTYPES_H 1
| #define HAVE_LIMITS_H 1
| #define HAVE_LINUX_INPUT_H 1
| #define HAVE_SCHED_H 1
| #define HAVE_STDINT_H 1
| #define HAVE_SYS_PARAM_H 1
| #define HAVE_SYS_SOCKET_H 1
| #define HAVE_NETDB_H 1
| #define HAVE_UNISTD_H 1
| #define HAVE_VALUES_H 1
| #define HAVE_SOCKLEN_T 1
| #define HAVE_STD__SHARED_PTR_INT_ 1
| #define HAVE_PTHREADS 1
| #define _REENTRANT 1
| #define BZFLAG_DATA "/usr/local/share/bzflag"
| #define HALF_RATE_AUDIO 1
| #define NDEBUG 1
| /* end confdefs.h.  */
| 
| int
| main ()
| {
| 
|   ;
|   return 0;
| }
configure:23505: result: no
configure:23528: checking ... f u n c t i o n s 
configure:23530: result: (7 of 9)
configure:23568: checking for CGLGetCurrentContext
configure:23568: result: no
configure:23568: checking for Sleep
configure:23568: result: no
configure:23568: checking for WaitForSingleObject
configure:23568: result: no
configure:23568: checking for _stricmp
configure:23568: result: no
configure:23568: checking for _strnicmp
configure:23568: result: no
configure:23568: checking for _vsnprintf
configure:23568: result: no
configure:23568: checking for atexit
configure:23568: result: yes
configure:23568: checking for hstrerror
configure:23568: result: yes
configure:23568: checking for sched_setaffinity
configure:23568: result: yes
configure:23568: checking for select
configure:23568: result: yes
configure:23568: checking for snooze
configure:23568: result: no
configure:23568: checking for usleep
configure:23568: result: yes
configure:23568: checking for vsnprintf
configure:23568: result: yes
configure:23568: checking for wglGetCurrentContext
configure:23568: result: no
configure:23587: checking for isnan
configure:23609: g++ -std=gnu++11 -c -g -O2  conftest.cpp >&5
configure:23609: $? = 0
configure:23647: result: yes
configure:23673: g++ -std=gnu++11 -c -g -O2  conftest.cpp >&5
configure:23673: $? = 0
configure:23695: g++ -std=gnu++11 -c -g -O2  conftest.cpp >&5
configure:23695: $? = 0
configure:23718: g++ -std=gnu++11 -c -g -O2  conftest.cpp >&5
configure:23718: $? = 0
configure:23743: checking ... s e r v i c e s 
configure:23745: result: (8 of 9)
configure:23861: checking for linux rumble joystick support
configure:23874: g++ -std=gnu++11 -c -g -O2  conftest.cpp >&5
configure:23874: $? = 0
configure:23885: result: yes
configure:23889: checking for linux force feedback joystick support
configure:23902: g++ -std=gnu++11 -c -g -O2  conftest.cpp >&5
configure:23902: $? = 0
configure:23913: result: yes
configure:23977: WARNING: could not find a curses library, will build bzadmin without curses
configure:24036: checking ... o u t p u t 
configure:24038: result: (9 of 9)
configure:24118: updating cache config.cache.linux-gnu.quinn-desktop
configure:24162: checking that generated files are newer than configure
configure:24168: result: done
configure:24304: creating ./config.status

## ---------------------- ##
## Running config.status. ##
## ---------------------- ##

This file was extended by BZFlag config.status 2.4.25, which was
generated by GNU Autoconf 2.69.  Invocation command line was

  CONFIG_FILES    = 
  CONFIG_HEADERS  = 
  CONFIG_LINKS    = 
  CONFIG_COMMANDS = 
  $ ./config.status 

on quinn-desktop

config.status:1420: creating plugins/observerHandler/Makefile
config.status:1420: creating MSVC/Makefile
config.status:1420: creating MSVC/build/Makefile
config.status:1420: creating Xcode/Makefile
config.status:1420: creating Xcode/BZFlag.xcodeproj/Makefile
config.status:1420: creating Xcode/licenses/Makefile
config.status:1420: creating Makefile
config.status:1420: creating bzflag.spec
config.status:1420: creating data/Makefile
config.status:1420: creating data/fonts/Makefile
config.status:1420: creating data/l10n/Makefile
config.status:1420: creating include/Makefile
config.status:1420: creating m4/Makefile
config.status:1420: creating man/Makefile
config.status:1420: creating misc/Makefile
config.status:1420: creating package/Makefile
config.status:1420: creating package/irix/Makefile
config.status:1420: creating package/linux/Makefile
config.status:1420: creating package/rpm/Makefile
config.status:1420: creating package/win32/Makefile
config.status:1420: creating package/win32/nsis/Makefile
config.status:1420: creating plugins/HoldTheFlag/Makefile
config.status:1420: creating plugins/Makefile
config.status:1420: creating plugins/Phoenix/Makefile
config.status:1420: creating plugins/RogueGenocide/Makefile
config.status:1420: creating plugins/SAMPLE_PLUGIN/Makefile
config.status:1420: creating plugins/airspawn/Makefile
config.status:1420: creating plugins/autoFlagReset/Makefile
config.status:1420: creating plugins/bzfscron/Makefile
config.status:1420: creating plugins/chathistory/Makefile
config.status:1420: creating plugins/customflagsample/Makefile
config.status:1420: creating plugins/customPollTypeSample/Makefile
config.status:1420: creating plugins/CustomZoneSample/Makefile
config.status:1420: creating plugins/fairCTF/Makefile
config.status:1420: creating plugins/fastmap/Makefile
config.status:1420: creating plugins/flagStay/Makefile
config.status:1420: creating plugins/keepaway/Makefile
config.status:1420: creating plugins/killall/Makefile
config.status:1420: creating plugins/koth/Makefile
config.status:1420: creating plugins/logDetail/Makefile
config.status:1420: creating plugins/nagware/Makefile
config.status:1420: creating plugins/playHistoryTracker/Makefile
config.status:1420: creating plugins/plugin_utils/Makefile
config.status:1420: creating plugins/rabbitTimer/Makefile
config.status:1420: creating plugins/rabidRabbit/Makefile
config.status:1420: creating plugins/recordmatch/Makefile
config.status:1420: creating plugins/regFlag/Makefile
config.status:1420: creating plugins/serverControl/Makefile
config.status:1420: creating plugins/serverSidePlayerSample/Makefile
config.status:1420: creating plugins/shockwaveDeath/Makefile
config.status:1420: creating plugins/superUser/Makefile
config.status:1420: creating plugins/teamflagreset/Makefile
config.status:1420: creating plugins/thiefControl/Makefile
config.status:1420: creating plugins/timedctf/Makefile
config.status:1420: creating plugins/TimeLimit/Makefile
config.status:1420: creating plugins/wwzones/Makefile
config.status:1420: creating src/3D/Makefile
config.status:1420: creating src/Makefile
config.status:1420: creating src/bzadmin/Makefile
config.status:1420: creating src/bzflag/Makefile
config.status:1420: creating src/bzfs/Makefile
config.status:1420: creating src/common/Makefile
config.status:1420: creating src/date/Makefile
config.status:1420: creating src/game/Makefile
config.status:1420: creating src/geometry/Makefile
config.status:1420: creating src/geometry/models/Makefile
config.status:1420: creating src/geometry/models/tank/Makefile
config.status:1420: creating src/mediafile/Makefile
config.status:1420: creating src/net/Makefile
config.status:1420: creating src/obstacle/Makefile
config.status:1420: creating src/ogl/Makefile
config.status:1420: creating src/platform/Makefile
config.status:1420: creating src/scene/Makefile
config.status:1420: creating tools/Makefile
config.status:1420: creating tools/TextTool2/Makefile
config.status:1420: creating tools/TextTool2/TextTool2.xcodeproj/Makefile
config.status:1420: creating tools/bzwtransform/Makefile
config.status:1420: creating tools/modeltool/Makefile
config.status:1420: creating tools/modeltool/MSVC/Makefile
config.status:1420: creating include/config.h
config.status:1649: executing depfiles commands
config.status:1726: cd plugins/observerHandler       && sed -e '/# am--include-marker/d' Makefile         | make -f - am--depfiles
make: Nothing to be done for 'am--depfiles'.
config.status:1731: $? = 0
config.status:1726: cd misc       && sed -e '/# am--include-marker/d' Makefile         | make -f - am--depfiles
make: Nothing to be done for 'am--depfiles'.
config.status:1731: $? = 0
config.status:1726: cd plugins/HoldTheFlag       && sed -e '/# am--include-marker/d' Makefile         | make -f - am--depfiles
make: Nothing to be done for 'am--depfiles'.
config.status:1731: $? = 0
config.status:1726: cd plugins/Phoenix       && sed -e '/# am--include-marker/d' Makefile         | make -f - am--depfiles
make: Nothing to be done for 'am--depfiles'.
config.status:1731: $? = 0
config.status:1726: cd plugins/RogueGenocide       && sed -e '/# am--include-marker/d' Makefile         | make -f - am--depfiles
make: Nothing to be done for 'am--depfiles'.
config.status:1731: $? = 0
config.status:1726: cd plugins/SAMPLE_PLUGIN       && sed -e '/# am--include-marker/d' Makefile         | make -f - am--depfiles
make: Nothing to be done for 'am--depfiles'.
config.status:1731: $? = 0
config.status:1726: cd plugins/airspawn       && sed -e '/# am--include-marker/d' Makefile         | make -f - am--depfiles
make: Nothing to be done for 'am--depfiles'.
config.status:1731: $? = 0
config.status:1726: cd plugins/autoFlagReset       && sed -e '/# am--include-marker/d' Makefile         | make -f - am--depfiles
make: Nothing to be done for 'am--depfiles'.
config.status:1731: $? = 0
config.status:1726: cd plugins/bzfscron       && sed -e '/# am--include-marker/d' Makefile         | make -f - am--depfiles
make: Nothing to be done for 'am--depfiles'.
config.status:1731: $? = 0
config.status:1726: cd plugins/chathistory       && sed -e '/# am--include-marker/d' Makefile         | make -f - am--depfiles
make: Nothing to be done for 'am--depfiles'.
config.status:1731: $? = 0
config.status:1726: cd plugins/customflagsample       && sed -e '/# am--include-marker/d' Makefile         | make -f - am--depfiles
make: Nothing to be done for 'am--depfiles'.
config.status:1731: $? = 0
config.status:1726: cd plugins/customPollTypeSample       && sed -e '/# am--include-marker/d' Makefile         | make -f - am--depfiles
make: Nothing to be done for 'am--depfiles'.
config.status:1731: $? = 0
config.status:1726: cd plugins/CustomZoneSample       && sed -e '/# am--include-marker/d' Makefile         | make -f - am--depfiles
make: Nothing to be done for 'am--depfiles'.
config.status:1731: $? = 0
config.status:1726: cd plugins/fairCTF       && sed -e '/# am--include-marker/d' Makefile         | make -f - am--depfiles
make: Nothing to be done for 'am--depfiles'.
config.status:1731: $? = 0
config.status:1726: cd plugins/fastmap       && sed -e '/# am--include-marker/d' Makefile         | make -f - am--depfiles
make: Nothing to be done for 'am--depfiles'.
config.status:1731: $? = 0
config.status:1726: cd plugins/flagStay       && sed -e '/# am--include-marker/d' Makefile         | make -f - am--depfiles
make: Nothing to be done for 'am--depfiles'.
config.status:1731: $? = 0
config.status:1726: cd plugins/keepaway       && sed -e '/# am--include-marker/d' Makefile         | make -f - am--depfiles
make: Nothing to be done for 'am--depfiles'.
config.status:1731: $? = 0
config.status:1726: cd plugins/killall       && sed -e '/# am--include-marker/d' Makefile         | make -f - am--depfiles
make: Nothing to be done for 'am--depfiles'.
config.status:1731: $? = 0
config.status:1726: cd plugins/koth       && sed -e '/# am--include-marker/d' Makefile         | make -f - am--depfiles
make: Nothing to be done for 'am--depfiles'.
config.status:1731: $? = 0
config.status:1726: cd plugins/logDetail       && sed -e '/# am--include-marker/d' Makefile         | make -f - am--depfiles
make: Nothing to be done for 'am--depfiles'.
config.status:1731: $? = 0
config.status:1726: cd plugins/nagware       && sed -e '/# am--include-marker/d' Makefile         | make -f - am--depfiles
make: Nothing to be done for 'am--depfiles'.
config.status:1731: $? = 0
config.status:1726: cd plugins/playHistoryTracker       && sed -e '/# am--include-marker/d' Makefile         | make -f - am--depfiles
make: Nothing to be done for 'am--depfiles'.
config.status:1731: $? = 0
config.status:1726: cd plugins/plugin_utils       && sed -e '/# am--include-marker/d' Makefile         | make -f - am--depfiles
make: Nothing to be done for 'am--depfiles'.
config.status:1731: $? = 0
config.status:1726: cd plugins/rabbitTimer       && sed -e '/# am--include-marker/d' Makefile         | make -f - am--depfiles
make: Nothing to be done for 'am--depfiles'.
config.status:1731: $? = 0
config.status:1726: cd plugins/rabidRabbit       && sed -e '/# am--include-marker/d' Makefile         | make -f - am--depfiles
make: Nothing to be done for 'am--depfiles'.
config.status:1731: $? = 0
config.status:1726: cd plugins/recordmatch       && sed -e '/# am--include-marker/d' Makefile         | make -f - am--depfiles
make: Nothing to be done for 'am--depfiles'.
config.status:1731: $? = 0
config.status:1726: cd plugins/regFlag       && sed -e '/# am--include-marker/d' Makefile         | make -f - am--depfiles
make: Nothing to be done for 'am--depfiles'.
config.status:1731: $? = 0
config.status:1726: cd plugins/serverControl       && sed -e '/# am--include-marker/d' Makefile         | make -f - am--depfiles
make: Nothing to be done for 'am--depfiles'.
config.status:1731: $? = 0
config.status:1726: cd plugins/serverSidePlayerSample       && sed -e '/# am--include-marker/d' Makefile         | make -f - am--depfiles
make: Nothing to be done for 'am--depfiles'.
config.status:1731: $? = 0
config.status:1726: cd plugins/shockwaveDeath       && sed -e '/# am--include-marker/d' Makefile         | make -f - am--depfiles
make: Nothing to be done for 'am--depfiles'.
config.status:1731: $? = 0
config.status:1726: cd plugins/superUser       && sed -e '/# am--include-marker/d' Makefile         | make -f - am--depfiles
make: Nothing to be done for 'am--depfiles'.
config.status:1731: $? = 0
config.status:1726: cd plugins/teamflagreset       && sed -e '/# am--include-marker/d' Makefile         | make -f - am--depfiles
make: Nothing to be done for 'am--depfiles'.
config.status:1731: $? = 0
config.status:1726: cd plugins/thiefControl       && sed -e '/# am--include-marker/d' Makefile         | make -f - am--depfiles
make: Nothing to be done for 'am--depfiles'.
config.status:1731: $? = 0
config.status:1726: cd plugins/timedctf       && sed -e '/# am--include-marker/d' Makefile         | make -f - am--depfiles
make: Nothing to be done for 'am--depfiles'.
config.status:1731: $? = 0
config.status:1726: cd plugins/TimeLimit       && sed -e '/# am--include-marker/d' Makefile         | make -f - am--depfiles
make: Nothing to be done for 'am--depfiles'.
config.status:1731: $? = 0
config.status:1726: cd plugins/wwzones       && sed -e '/# am--include-marker/d' Makefile         | make -f - am--depfiles
make: Nothing to be done for 'am--depfiles'.
config.status:1731: $? = 0
config.status:1726: cd src/3D       && sed -e '/# am--include-marker/d' Makefile         | make -f - am--depfiles
make: Nothing to be done for 'am--depfiles'.
config.status:1731: $? = 0
config.status:1726: cd src/bzadmin       && sed -e '/# am--include-marker/d' Makefile         | make -f - am--depfiles
make: Nothing to be done for 'am--depfiles'.
config.status:1731: $? = 0
config.status:1726: cd src/bzflag       && sed -e '/# am--include-marker/d' Makefile         | make -f - am--depfiles
make: Nothing to be done for 'am--depfiles'.
config.status:1731: $? = 0
config.status:1726: cd src/bzfs       && sed -e '/# am--include-marker/d' Makefile         | make -f - am--depfiles
make: Nothing to be done for 'am--depfiles'.
config.status:1731: $? = 0
config.status:1726: cd src/common       && sed -e '/# am--include-marker/d' Makefile         | make -f - am--depfiles
make: Nothing to be done for 'am--depfiles'.
config.status:1731: $? = 0
config.status:1726: cd src/date       && sed -e '/# am--include-marker/d' Makefile         | make -f - am--depfiles
make: Nothing to be done for 'am--depfiles'.
config.status:1731: $? = 0
config.status:1726: cd src/game       && sed -e '/# am--include-marker/d' Makefile         | make -f - am--depfiles
make: Nothing to be done for 'am--depfiles'.
config.status:1731: $? = 0
config.status:1726: cd src/geometry       && sed -e '/# am--include-marker/d' Makefile         | make -f - am--depfiles
make: Nothing to be done for 'am--depfiles'.
config.status:1731: $? = 0
config.status:1726: cd src/geometry/models/tank       && sed -e '/# am--include-marker/d' Makefile         | make -f - am--depfiles
make: Nothing to be done for 'am--depfiles'.
config.status:1731: $? = 0
config.status:1726: cd src/mediafile       && sed -e '/# am--include-marker/d' Makefile         | make -f - am--depfiles
make: Nothing to be done for 'am--depfiles'.
config.status:1731: $? = 0
config.status:1726: cd src/net       && sed -e '/# am--include-marker/d' Makefile         | make -f - am--depfiles
make: Nothing to be done for 'am--depfiles'.
config.status:1731: $? = 0
config.status:1726: cd src/obstacle       && sed -e '/# am--include-marker/d' Makefile         | make -f - am--depfiles
make: Nothing to be done for 'am--depfiles'.
config.status:1731: $? = 0
config.status:1726: cd src/ogl       && sed -e '/# am--include-marker/d' Makefile         | make -f - am--depfiles
make: Nothing to be done for 'am--depfiles'.
config.status:1731: $? = 0
config.status:1726: cd src/platform       && sed -e '/# am--include-marker/d' Makefile         | make -f - am--depfiles
make: Nothing to be done for 'am--depfiles'.
config.status:1731: $? = 0
config.status:1726: cd src/scene       && sed -e '/# am--include-marker/d' Makefile         | make -f - am--depfiles
make: Nothing to be done for 'am--depfiles'.
config.status:1731: $? = 0
config.status:1726: cd tools/TextTool2       && sed -e '/# am--include-marker/d' Makefile         | make -f - am--depfiles
make: Nothing to be done for 'am--depfiles'.
config.status:1731: $? = 0
config.status:1726: cd tools/bzwtransform       && sed -e '/# am--include-marker/d' Makefile         | make -f - am--depfiles
make: Nothing to be done for 'am--depfiles'.
config.status:1731: $? = 0
config.status:1726: cd tools/modeltool       && sed -e '/# am--include-marker/d' Makefile         | make -f - am--depfiles
make: Nothing to be done for 'am--depfiles'.
config.status:1731: $? = 0
config.status:1649: executing libtool commands
configure:26859: result: Done.
configure:26861: result: 
configure:26872: result: BZFlag 2.4.25 configured on 2022-12-07 with the following:
configure:26883: result: 
configure:26885: result:              Prefix: /usr/local
configure:26887: result:            Binaries: /usr/local/bin
configure:26889: result:             Plugins: /usr/local/lib/bzflag
configure:26891: result:        Manual pages: /usr/local/share/man
configure:26893: result: 
configure:26895: result: BUILD_DATE    = 2022-12-07
configure:26897: result: CC            = gcc
configure:26899: result: CXX           = g++ -std=gnu++11
configure:26901: result: CFLAGS        = -g -O2
configure:26903: result: CONF_CFLAGS   =  -Wall -Wextra -Wcast-qual -Wredundant-decls -Wshadow -Wundef -pedantic -mtune=native -fexpensive-optimizations
configure:26905: result: CXXFLAGS      = -g -O2
configure:26907: result: CONF_CXXFLAGS =  -Wall -Wextra -Wcast-qual -Wredundant-decls -Wshadow -Wundef -pedantic -mtune=native -fsigned-char -fexpensive-optimizations
configure:26909: result: CPPFLAGS      = 
configure:26911: result: CONF_CPPFLAGS =  
configure:26913: result: LDFLAGS       = 
configure:26915: result: LIBS          = -lm  -lpthread
configure:26917: result: GLIBS         =  -lX11  
configure:26919: result: 
configure:26921: result: BZFlag client .....: no bzflag client binary! (missing OpenGL) (missing SDL2)
configure:26923: result: BZFlag server .....: yes (with plugins)
configure:26925: result: BZAdmin client ....: yes
configure:26927: result: 
configure:26929: result: ---
configure:26931: result: ./configure complete, type 'make' to begin building
configure:26933: result: 

## ---------------- ##
## Cache variables. ##
## ---------------- ##

ac_cv_build=x86_64-pc-linux-gnu
ac_cv_c_bigendian=no
ac_cv_c_compiler_gnu=yes
ac_cv_c_const=yes
ac_cv_cxx_compiler_gnu=yes
ac_cv_env_CCC_set=
ac_cv_env_CCC_value=
ac_cv_env_CC_set=
ac_cv_env_CC_value=
ac_cv_env_CFLAGS_set=
ac_cv_env_CFLAGS_value=
ac_cv_env_CPPFLAGS_set=
ac_cv_env_CPPFLAGS_value=
ac_cv_env_CPP_set=
ac_cv_env_CPP_value=
ac_cv_env_CXXCPP_set=
ac_cv_env_CXXCPP_value=
ac_cv_env_CXXFLAGS_set=
ac_cv_env_CXXFLAGS_value=
ac_cv_env_CXX_set=
ac_cv_env_CXX_value=
ac_cv_env_LDFLAGS_set=
ac_cv_env_LDFLAGS_value=
ac_cv_env_LIBS_set=
ac_cv_env_LIBS_value=
ac_cv_env_LT_SYS_LIBRARY_PATH_set=
ac_cv_env_LT_SYS_LIBRARY_PATH_value=
ac_cv_env_OBJCFLAGS_set=
ac_cv_env_OBJCFLAGS_value=
ac_cv_env_OBJC_set=
ac_cv_env_OBJC_value=
ac_cv_env_PKG_CONFIG_LIBDIR_set=
ac_cv_env_PKG_CONFIG_LIBDIR_value=
ac_cv_env_PKG_CONFIG_PATH_set=
ac_cv_env_PKG_CONFIG_PATH_value=
ac_cv_env_PKG_CONFIG_set=
ac_cv_env_PKG_CONFIG_value=
ac_cv_env_SDL_CFLAGS_set=
ac_cv_env_SDL_CFLAGS_value=
ac_cv_env_SDL_LIBS_set=
ac_cv_env_SDL_LIBS_value=
ac_cv_env_build_alias_set=
ac_cv_env_build_alias_value=
ac_cv_env_host_alias_set=
ac_cv_env_host_alias_value=
ac_cv_env_ncurses_CFLAGS_set=
ac_cv_env_ncurses_CFLAGS_value=
ac_cv_env_ncurses_LIBS_set=
ac_cv_env_ncurses_LIBS_value=
ac_cv_env_target_alias_set=
ac_cv_env_target_alias_value=
ac_cv_func_CGLGetCurrentContext=no
ac_cv_func_Sleep=no
ac_cv_func_WaitForSingleObject=no
ac_cv_func__stricmp=no
ac_cv_func__strnicmp=no
ac_cv_func__vsnprintf=no
ac_cv_func_atexit=yes
ac_cv_func_curl_free=yes
ac_cv_func_dlopen=no
ac_cv_func_hstrerror=yes
ac_cv_func_sched_setaffinity=yes
ac_cv_func_select=yes
ac_cv_func_shl_load=no
ac_cv_func_snooze=no
ac_cv_func_usleep=yes
ac_cv_func_vsnprintf=yes
ac_cv_func_wglGetCurrentContext=no
ac_cv_header_GL_gl_h=no
ac_cv_header_GL_glew_h=no
ac_cv_header_GL_glu_h=no
ac_cv_header_SDL2_SDL_h=no
ac_cv_header_SDL_SDL_h=no
ac_cv_header_X11_extensions_xf86vmode_h=no
ac_cv_header_bstring_h=no
ac_cv_header_cmath=yes
ac_cv_header_cstdio=yes
ac_cv_header_cstdlib=yes
ac_cv_header_cstring=yes
ac_cv_header_dlfcn_h=yes
ac_cv_header_dsound_h=no
ac_cv_header_fcntl_h=yes
ac_cv_header_inttypes_h=yes
ac_cv_header_limits_h=yes
ac_cv_header_linux_input_h=yes
ac_cv_header_memory_h=yes
ac_cv_header_netdb_h=yes
ac_cv_header_process_h=no
ac_cv_header_regex_h=yes
ac_cv_header_sched_h=yes
ac_cv_header_stdc=yes
ac_cv_header_stdint_h=yes
ac_cv_header_stdlib_h=yes
ac_cv_header_string_h=yes
ac_cv_header_strings_h=yes
ac_cv_header_sys_param_h=yes
ac_cv_header_sys_socket_h=yes
ac_cv_header_sys_stat_h=yes
ac_cv_header_sys_types_h=yes
ac_cv_header_unistd_h=yes
ac_cv_header_values_h=yes
ac_cv_host=x86_64-pc-linux-gnu
ac_cv_lib_Xext_XextAddDisplay=no
ac_cv_lib_bind_gethostent=no
ac_cv_lib_c_r_pthread_create=no
ac_cv_lib_c_regcomp=yes
ac_cv_lib_cares_ares_init=yes
ac_cv_lib_cares_ares_library_init=yes
ac_cv_lib_dl_dlopen=yes
ac_cv_lib_dld_shl_load=no
ac_cv_lib_m_acosf=yes
ac_cv_lib_m_asinf=yes
ac_cv_lib_m_atan2f=yes
ac_cv_lib_m_atanf=yes
ac_cv_lib_m_cosf=yes
ac_cv_lib_m_expf=yes
ac_cv_lib_m_fabsf=yes
ac_cv_lib_m_floorf=yes
ac_cv_lib_m_fmodf=yes
ac_cv_lib_m_hypotf=yes
ac_cv_lib_m_log10f=yes
ac_cv_lib_m_logf=yes
ac_cv_lib_m_powf=yes
ac_cv_lib_m_sinf=yes
ac_cv_lib_m_sqrtf=yes
ac_cv_lib_m_tanf=yes
ac_cv_lib_pthread_pthread_create=yes
ac_cv_lib_rt_shm_open=yes
ac_cv_lib_socket_gethostent=no
ac_cv_lib_socket_socket=no
ac_cv_lib_z_compressBound=yes
ac_cv_objext=o
ac_cv_path_EGREP='/bin/grep -E'
ac_cv_path_FGREP='/bin/grep -F'
ac_cv_path_GREP=/bin/grep
ac_cv_path_SDL2_CONFIG=no
ac_cv_path_SED=/bin/sed
ac_cv_path__libcurl_config=/usr/bin/curl-config
ac_cv_path_ac_pt_PKG_CONFIG=/usr/bin/pkg-config
ac_cv_path_install='/usr/bin/install -c'
ac_cv_path_lt_DD=/bin/dd
ac_cv_path_mkdir=/bin/mkdir
ac_cv_prog_AR=ar
ac_cv_prog_AWK=gawk
ac_cv_prog_CPP='gcc -E'
ac_cv_prog_CXXCPP='g++ -std=gnu++11 -E'
ac_cv_prog_HASPOD2MAN=yes
ac_cv_prog_ac_ct_CC=gcc
ac_cv_prog_ac_ct_CXX=g++
ac_cv_prog_ac_ct_MANIFEST_TOOL=mt
ac_cv_prog_ac_ct_OBJDUMP=objdump
ac_cv_prog_ac_ct_RANLIB=ranlib
ac_cv_prog_ac_ct_STRIP=strip
ac_cv_prog_cc_c89=
ac_cv_prog_cc_g=yes
ac_cv_prog_cxx_g=yes
ac_cv_prog_make_make_set=yes
ac_cv_search_glBegin=no
ac_cv_search_glewInit=no
ac_cv_search_gluScaleImage=no
ac_cv_sizeof_double=8
ac_cv_sizeof_float=4
ac_cv_sizeof_int=4
ac_cv_sizeof_long_double=16
ac_cv_sizeof_long_int=8
ac_cv_sizeof_long_long_int=8
ac_cv_sizeof_short_int=2
ac_cv_target=x86_64-pc-linux-gnu
ac_cv_type_socklen_t=yes
ac_cv_type_std__shared_ptr_int_=yes
am_cv_CC_dependencies_compiler_type=gcc3
am_cv_CXX_dependencies_compiler_type=gcc3
am_cv_make_support_nested_variables=yes
am_cv_prog_cc_c_o=yes
ax_cv_cxx_compile_cxx11__std_gnupp11=yes
libcurl_cv_lib_curl_usable=yes
libcurl_cv_lib_curl_version=7.68.0
lt_cv_ar_at_file=@
lt_cv_archive_cmds_need_lc=no
lt_cv_deplibs_check_method=pass_all
lt_cv_dlopen=dlopen
lt_cv_dlopen_libs=-ldl
lt_cv_dlopen_self=yes
lt_cv_dlopen_self_static=no
lt_cv_file_magic_cmd='$MAGIC_CMD'
lt_cv_file_magic_test_file=
lt_cv_ld_reload_flag=-r
lt_cv_nm_interface='BSD nm'
lt_cv_objdir=.libs
lt_cv_path_LD=/usr/bin/ld
lt_cv_path_LDCXX='/usr/bin/ld -m elf_x86_64'
lt_cv_path_NM='/usr/bin/nm -B'
lt_cv_path_mainfest_tool=no
lt_cv_prog_compiler_c_o=yes
lt_cv_prog_compiler_c_o_CXX=yes
lt_cv_prog_compiler_pic='-fPIC -DPIC'
lt_cv_prog_compiler_pic_CXX='-fPIC -DPIC'
lt_cv_prog_compiler_pic_works=yes
lt_cv_prog_compiler_pic_works_CXX=yes
lt_cv_prog_compiler_rtti_exceptions=no
lt_cv_prog_compiler_static_works=yes
lt_cv_prog_compiler_static_works_CXX=yes
lt_cv_prog_gnu_ld=yes
lt_cv_prog_gnu_ldcxx=yes
lt_cv_sharedlib_from_linklib_cmd='printf %s\n'
lt_cv_shlibpath_overrides_runpath=yes
lt_cv_sys_global_symbol_pipe='sed -n -e '\''s/^.*[	 ]\([ABCDGIRSTW][ABCDGIRSTW]*\)[	 ][	 ]*\([_A-Za-z][_A-Za-z0-9]*\)$/\1 \2 \2/p'\'' | sed '\''/ __gnu_lto/d'\'''
lt_cv_sys_global_symbol_to_c_name_address='sed -n -e '\''s/^: \(.*\) .*$/  {"\1", (void *) 0},/p'\'' -e '\''s/^[ABCDGIRSTW][ABCDGIRSTW]* .* \(.*\)$/  {"\1", (void *) \&\1},/p'\'''
lt_cv_sys_global_symbol_to_c_name_address_lib_prefix='sed -n -e '\''s/^: \(.*\) .*$/  {"\1", (void *) 0},/p'\'' -e '\''s/^[ABCDGIRSTW][ABCDGIRSTW]* .* \(lib.*\)$/  {"\1", (void *) \&\1},/p'\'' -e '\''s/^[ABCDGIRSTW][ABCDGIRSTW]* .* \(.*\)$/  {"lib\1", (void *) \&\1},/p'\'''
lt_cv_sys_global_symbol_to_cdecl='sed -n -e '\''s/^T .* \(.*\)$/extern int \1();/p'\'' -e '\''s/^[ABCDGIRSTW][ABCDGIRSTW]* .* \(.*\)$/extern char \1;/p'\'''
lt_cv_sys_global_symbol_to_import=
lt_cv_sys_max_cmd_len=1572864
lt_cv_to_host_file_cmd=func_convert_file_noop
lt_cv_to_tool_file_cmd=func_convert_file_noop
lt_cv_truncate_bin='/bin/dd bs=4096 count=1'
mp_cv_ncurses=no

## ----------------- ##
## Output variables. ##
## ----------------- ##

ACLOCAL='${SHELL} /home/quinn/Documents/MyBZFlag/bzflag-grue/misc/missing aclocal-1.16'
AMDEPBACKSLASH='\'
AMDEP_FALSE='#'
AMDEP_TRUE=''
AMTAR='$${TAR-tar}'
AM_BACKSLASH='\'
AM_DEFAULT_V='$(AM_DEFAULT_VERBOSITY)'
AM_DEFAULT_VERBOSITY='1'
AM_V='$(V)'
APPLE_FALSE=''
APPLE_TRUE='#'
AR='ar'
AR_FLAGS='cr'
AUTOCONF='${SHELL} /home/quinn/Documents/MyBZFlag/bzflag-grue/misc/missing autoconf'
AUTOHEADER='${SHELL} /home/quinn/Documents/MyBZFlag/bzflag-grue/misc/missing autoheader'
AUTOMAKE='${SHELL} /home/quinn/Documents/MyBZFlag/bzflag-grue/misc/missing automake-1.16'
AWK='gawk'
BEOS_FALSE=''
BEOS_TRUE='#'
BUGGY_MIPSPRO_FALSE=''
BUGGY_MIPSPRO_TRUE='#'
BUILD_DATE='2022-12-07'
BUILD_PLUGINS_FALSE='#'
BUILD_PLUGINS_TRUE=''
BZADMIN_INCLUDED_FALSE='#'
BZADMIN_INCLUDED_TRUE=''
BZFLAG_DATA='/usr/local/share/bzflag'
CC='gcc'
CCACHE=''
CCDEPMODE='depmode=gcc3'
CFLAGS='-g -O2'
CLIENT_INCLUDED_FALSE=''
CLIENT_INCLUDED_TRUE='#'
CONFIG=''
CONFIG_CACHE='config.cache.linux-gnu.quinn-desktop'
CONF_CFLAGS=' -Wall -Wextra -Wcast-qual -Wredundant-decls -Wshadow -Wundef -pedantic -mtune=native -fexpensive-optimizations'
CONF_CPPFLAGS=' '
CONF_CXXFLAGS=' -Wall -Wextra -Wcast-qual -Wredundant-decls -Wshadow -Wundef -pedantic -mtune=native -fsigned-char -fexpensive-optimizations'
CPP='gcc -E'
CPPFLAGS=''
CURSES_LIB=''
CUSTOM_PLUGIN_LIST='observerHandler'
CXX='g++ -std=gnu++11'
CXXCPP='g++ -std=gnu++11 -E'
CXXDEPMODE='depmode=gcc3'
CXXFLAGS='-g -O2'
CYGPATH_W='echo'
DEFS='-DHAVE_CONFIG_H'
DEPDIR='.deps'
DLLTOOL='false'
DSYMUTIL=''
DUMPBIN=''
ECHO='printf %s\n'
ECHO_C=''
ECHO_N='-n'
ECHO_T=''
EGREP='/bin/grep -E'
EXEEXT=''
FGREP='/bin/grep -F'
GLIBS=' -lX11  '
GREP='/bin/grep'
HASPOD2MAN='yes'
HASPOD2MAN_FALSE='#'
HASPOD2MAN_TRUE=''
HAVE_CURSES_FALSE=''
HAVE_CURSES_TRUE='#'
HAVE_CXX11='1'
HAVE_SDL2_FALSE=''
HAVE_SDL2_TRUE='#'
HAVE_SDL_FALSE=''
HAVE_SDL_TRUE='#'
HPUX_FALSE=''
HPUX_TRUE='#'
INSTALL_DATA='${INSTALL} -m 644'
INSTALL_PROGRAM='${INSTALL}'
INSTALL_SCRIPT='${INSTALL}'
INSTALL_STRIP_PROGRAM='$(install_sh) -c -s'
IRIX_FALSE=''
IRIX_TRUE='#'
LD='/usr/bin/ld -m elf_x86_64'
LDFLAGS=''
LIBCARES='-lcares'
LIBCURL='-lcurl'
LIBCURL_CPPFLAGS=''
LIBDIR='$(top_srcdir)/lib'
LIBDL='-ldl'
LIBMINIUPNPC=''
LIBOBJS=''
LIBPTHREAD='-lpthread'
LIBREGEX='-lc'
LIBRT='-lrt'
LIBS='-lm  -lpthread'
LIBTOOL='$(SHELL) $(top_builddir)/libtool --silent'
LIBTOOLFLAGS='--silent'
LIBTOOL_DEPS='misc/ltmain.sh'
LIBZ='-lz'
LINUX_FALSE='#'
LINUX_TRUE=''
LIPO=''
LN_S='ln -s'
LTLIBOBJS=''
LT_SYS_LIBRARY_PATH=''
MAKEINFO='${SHELL} /home/quinn/Documents/MyBZFlag/bzflag-grue/misc/missing makeinfo'
MANIFEST_TOOL=':'
MKDIR_P='/bin/mkdir -p'
NM='/usr/bin/nm -B'
NMEDIT=''
OBJC=''
OBJCDEPMODE=''
OBJCFLAGS=''
OBJDUMP='objdump'
OBJEXT='o'
OTOOL64=''
OTOOL=''
PACKAGE='bzflag'
PACKAGE_BUGREPORT='http://BZFlag.org/'
PACKAGE_NAME='BZFlag'
PACKAGE_STRING='BZFlag 2.4.25'
PACKAGE_TARNAME='bzflag'
PACKAGE_URL=''
PACKAGE_VERSION='2.4.25'
PATH_SEPARATOR=':'
PC_FALSE='#'
PC_TRUE=''
PKG_CONFIG='/usr/bin/pkg-config'
PKG_CONFIG_LIBDIR=''
PKG_CONFIG_PATH=''
PPC_FALSE=''
PPC_TRUE='#'
RANLIB='ranlib'
SDL2_CONFIG='no'
SDL_CFLAGS=''
SDL_CONFIG=''
SDL_LIBS=''
SED='/bin/sed'
SERVER_INCLUDED_FALSE='#'
SERVER_INCLUDED_TRUE=''
SET_MAKE=''
SHELL='/bin/bash'
SOLARIS_FALSE=''
SOLARIS_TRUE='#'
STRIP='strip'
VERSION='2.4.25'
WIN32_FALSE=''
WIN32_TRUE='#'
WINDRES=':'
_libcurl_config=''
ac_ct_AR=''
ac_ct_CC='gcc'
ac_ct_CXX='g++'
ac_ct_DUMPBIN=''
ac_ct_OBJC=''
am__EXEEXT_FALSE=''
am__EXEEXT_TRUE='#'
am__fastdepCC_FALSE='#'
am__fastdepCC_TRUE=''
am__fastdepCXX_FALSE='#'
am__fastdepCXX_TRUE=''
am__fastdepOBJC_FALSE=''
am__fastdepOBJC_TRUE='#'
am__include='include'
am__isrc=''
am__leading_dot='.'
am__nodep='_no'
am__quote=''
am__tar='$${TAR-tar} chof - "$$tardir"'
am__untar='$${TAR-tar} xf -'
bindir='/usr/local/bin'
build='x86_64-pc-linux-gnu'
build_alias=''
build_cpu='x86_64'
build_os='linux-gnu'
build_vendor='pc'
datadir='${datarootdir}'
datarootdir='${prefix}/share'
docdir='${datarootdir}/doc/${PACKAGE_TARNAME}'
dvidir='${docdir}'
exec_prefix='${prefix}'
host='x86_64-pc-linux-gnu'
host_alias=''
host_cpu='x86_64'
host_os='linux-gnu'
host_vendor='pc'
htmldir='${docdir}'
includedir='${prefix}/include'
infodir='${datarootdir}/info'
install_sh='${SHELL} /home/quinn/Documents/MyBZFlag/bzflag-grue/misc/install-sh'
libdir='/usr/local/lib/bzflag'
libexecdir='${exec_prefix}/libexec'
localedir='${datarootdir}/locale'
localstatedir='${prefix}/var'
mandir='/usr/local/share/man'
mkdir_p='$(MKDIR_P)'
ncurses_CFLAGS=''
ncurses_LIBS=''
oldincludedir='/usr/include'
pdfdir='${docdir}'
prefix='/usr/local'
program_transform_name='s,x,x,'
psdir='${docdir}'
runstatedir='${localstatedir}/run'
sbindir='${exec_prefix}/sbin'
sharedstatedir='${prefix}/com'
sysconfdir='${prefix}/etc'
target='x86_64-pc-linux-gnu'
target_alias=''
target_cpu='x86_64'
target_os='linux-gnu'
target_vendor='pc'

## ----------- ##
## confdefs.h. ##
## ----------- ##

/* confdefs.h */
#define PACKAGE_NAME "BZFlag"
#define PACKAGE_TARNAME "bzflag"
#define PACKAGE_VERSION "2.4.25"
#define PACKAGE_STRING "BZFlag 2.4.25"
#define PACKAGE_BUGREPORT "http://BZFlag.org/"
#define PACKAGE_URL ""
#define PACKAGE "bzflag"
#define VERSION "2.4.25"
#define BUILD_DATE "2022-12-07"
#define BZ_BUILD_OS "linux-gnu"
#define BZ_PLUGINS 1
#define ROBOT 1
#define HAVE_CXX11 1
#define STDC_HEADERS 1
#define HAVE_SYS_TYPES_H 1
#define HAVE_SYS_STAT_H 1
#define HAVE_STDLIB_H 1
#define HAVE_STRING_H 1
#define HAVE_MEMORY_H 1
#define HAVE_STRINGS_H 1
#define HAVE_INTTYPES_H 1
#define HAVE_STDINT_H 1
#define HAVE_UNISTD_H 1
#define HAVE_DLFCN_H 1
#define LT_OBJDIR ".libs/"
#define HAVE_ARES_LIBRARY_INIT 1
#define HAVE_LIBCURL 1
#define LIBCURL_FEATURE_SSL 1
#define LIBCURL_FEATURE_IPV6 1
#define LIBCURL_FEATURE_UNIXSOCKETS 1
#define LIBCURL_FEATURE_LIBZ 1
#define LIBCURL_FEATURE_BROTLI 1
#define LIBCURL_FEATURE_ASYNCHDNS 1
#define LIBCURL_FEATURE_IDN 1
#define LIBCURL_FEATURE_GSS_API 1
#define LIBCURL_FEATURE_PSL 1
#define LIBCURL_FEATURE_SPNEGO 1
#define LIBCURL_FEATURE_KERBEROS 1
#define LIBCURL_FEATURE_NTLM 1
#define LIBCURL_FEATURE_NTLM_WB 1
#define LIBCURL_FEATURE_TLS_SRP 1
#define LIBCURL_FEATURE_HTTP2 1
#define LIBCURL_FEATURE_HTTPS_PROXY 1
#define LIBCURL_PROTOCOL_DICT 1
#define LIBCURL_PROTOCOL_FILE 1
#define LIBCURL_PROTOCOL_FTP 1
#define LIBCURL_PROTOCOL_FTPS 1
#define LIBCURL_PROTOCOL_GOPHER 1
#define LIBCURL_PROTOCOL_HTTP 1
#define LIBCURL_PROTOCOL_HTTPS 1
#define LIBCURL_PROTOCOL_IMAP 1
#define LIBCURL_PROTOCOL_IMAPS 1
#define LIBCURL_PROTOCOL_LDAP 1
#define LIBCURL_PROTOCOL_LDAPS 1
#define LIBCURL_PROTOCOL_POP3 1
#define LIBCURL_PROTOCOL_POP3S 1
#define LIBCURL_PROTOCOL_RTMP 1
#define LIBCURL_PROTOCOL_RTSP 1
#define LIBCURL_PROTOCOL_SCP 1
#define LIBCURL_PROTOCOL_SFTP 1
#define LIBCURL_PROTOCOL_SMB 1
#define LIBCURL_PROTOCOL_SMBS 1
#define LIBCURL_PROTOCOL_SMTP 1
#define LIBCURL_PROTOCOL_SMTPS 1
#define LIBCURL_PROTOCOL_TELNET 1
#define LIBCURL_PROTOCOL_TFTP 1
#define HAVE_REGEX_H 1
#define HAVE_LIBM 1
#define HAVE_ACOSF 1
#define HAVE_ASINF 1
#define HAVE_ATAN2F 1
#define HAVE_ATANF 1
#define HAVE_COSF 1
#define HAVE_EXPF 1
#define HAVE_FABSF 1
#define HAVE_FLOORF 1
#define HAVE_FMODF 1
#define HAVE_HYPOTF 1
#define HAVE_LOGF 1
#define HAVE_LOG10F 1
#define HAVE_POWF 1
#define HAVE_SINF 1
#define HAVE_SQRTF 1
#define HAVE_TANF 1
#define SIZEOF_INT 4
#define SIZEOF_SHORT_INT 2
#define SIZEOF_LONG_INT 8
#define SIZEOF_LONG_LONG_INT 8
#define SIZEOF_FLOAT 4
#define SIZEOF_DOUBLE 8
#define SIZEOF_LONG_DOUBLE 16
#define SIZEOF_INT 4
#define SIZEOF_SHORT_INT 2
#define SIZEOF_LONG_INT 8
#define SIZEOF_LONG_LONG_INT 8
#define SIZEOF_FLOAT 4
#define SIZEOF_DOUBLE 8
#define SIZEOF_LONG_DOUBLE 16
#define STDC_HEADERS 1
#define HAVE_CMATH 1
#define HAVE_CSTDLIB 1
#define HAVE_CSTDIO 1
#define HAVE_CSTRING 1
#define HAVE_DLFCN_H 1
#define HAVE_FCNTL_H 1
#define HAVE_INTTYPES_H 1
#define HAVE_LIMITS_H 1
#define HAVE_LINUX_INPUT_H 1
#define HAVE_SCHED_H 1
#define HAVE_STDINT_H 1
#define HAVE_SYS_PARAM_H 1
#define HAVE_SYS_SOCKET_H 1
#define HAVE_NETDB_H 1
#define HAVE_UNISTD_H 1
#define HAVE_VALUES_H 1
#define HAVE_SOCKLEN_T 1
#define HAVE_STD__SHARED_PTR_INT_ 1
#define HAVE_PTHREADS 1
#define _REENTRANT 1
#define BZFLAG_DATA "/usr/local/share/bzflag"
#define HALF_RATE_AUDIO 1
#define NDEBUG 1
#define HAVE_ATEXIT 1
#define HAVE_HSTRERROR 1
#define HAVE_SCHED_SETAFFINITY 1
#define HAVE_SELECT 1
#define HAVE_USLEEP 1
#define HAVE_VSNPRINTF 1
#define HAVE_STD__ISNAN 1
#define HAVE_STD__MIN 1
#define HAVE_STD__MAX 1
#define HAVE_STD__COUNT 1
#define HAVE_FF_EFFECT_RUMBLE 1
#define HAVE_FF_EFFECT_DIRECTIONAL 1

configure: exit 0
